2026-01-08 01:29:28,728 - PracticalToolset.AudioProcessing - INFO - Starting execution 6dbb64d1-9797-4f4f-8249-6d0a8e2e374e
2026-01-08 01:29:28,728 - PracticalToolset.AudioProcessing - INFO - Starting execution 6dbb64d1-9797-4f4f-8249-6d0a8e2e374e
2026-01-08 01:29:28,739 - PracticalToolset.AudioProcessing - ERROR - Error in AudioProcessing: name 'validate_media_file' is not defined
2026-01-08 01:29:28,739 - PracticalToolset.AudioProcessing - ERROR - Error in AudioProcessing: name 'validate_media_file' is not defined
2026-01-08 01:29:28,739 - PracticalToolset.AudioProcessing - ERROR - Execution 6dbb64d1-9797-4f4f-8249-6d0a8e2e374e failed after 0.01s
2026-01-08 01:29:28,739 - PracticalToolset.AudioProcessing - ERROR - Execution 6dbb64d1-9797-4f4f-8249-6d0a8e2e374e failed after 0.01s
2026-01-08 01:29:29,071 - PracticalToolset.AudioProcessing - INFO - Starting execution 8ba0b201-90e8-4eea-b875-a6ab77e97c1d
2026-01-08 01:29:29,071 - PracticalToolset.AudioProcessing - INFO - Starting execution 8ba0b201-90e8-4eea-b875-a6ab77e97c1d
2026-01-08 01:29:29,071 - PracticalToolset.AudioProcessing - INFO - Starting execution 8ba0b201-90e8-4eea-b875-a6ab77e97c1d
2026-01-08 01:29:29,071 - PracticalToolset.AudioProcessing - INFO - Starting execution 8ba0b201-90e8-4eea-b875-a6ab77e97c1d
2026-01-08 01:29:29,071 - PracticalToolset.AudioProcessing - INFO - Starting execution 8ba0b201-90e8-4eea-b875-a6ab77e97c1d
2026-01-08 01:29:29,071 - PracticalToolset.AudioProcessing - INFO - Starting execution 8ba0b201-90e8-4eea-b875-a6ab77e97c1d
2026-01-08 01:29:29,071 - PracticalToolset.AudioProcessing - INFO - Starting execution 8ba0b201-90e8-4eea-b875-a6ab77e97c1d
2026-01-08 01:29:29,071 - PracticalToolset.AudioProcessing - INFO - Starting execution 8ba0b201-90e8-4eea-b875-a6ab77e97c1d
2026-01-08 01:29:29,071 - PracticalToolset.AudioProcessing - INFO - Starting execution 8ba0b201-90e8-4eea-b875-a6ab77e97c1d
2026-01-08 01:29:29,071 - PracticalToolset.AudioProcessing - INFO - Starting execution 8ba0b201-90e8-4eea-b875-a6ab77e97c1d
2026-01-08 01:29:29,071 - PracticalToolset.AudioProcessing - INFO - Starting execution 8ba0b201-90e8-4eea-b875-a6ab77e97c1d
2026-01-08 01:29:29,071 - PracticalToolset.AudioProcessing - INFO - Starting execution 8ba0b201-90e8-4eea-b875-a6ab77e97c1d
2026-01-08 01:29:29,071 - PracticalToolset.AudioProcessing - INFO - Starting execution 8ba0b201-90e8-4eea-b875-a6ab77e97c1d
2026-01-08 01:29:29,072 - PracticalToolset.AudioProcessing - ERROR - Error in AudioProcessing: name 'validate_media_file' is not defined
2026-01-08 01:29:29,072 - PracticalToolset.AudioProcessing - ERROR - Error in AudioProcessing: name 'validate_media_file' is not defined
2026-01-08 01:29:29,072 - PracticalToolset.AudioProcessing - ERROR - Error in AudioProcessing: name 'validate_media_file' is not defined
2026-01-08 01:29:29,072 - PracticalToolset.AudioProcessing - ERROR - Error in AudioProcessing: name 'validate_media_file' is not defined
2026-01-08 01:29:29,072 - PracticalToolset.AudioProcessing - ERROR - Error in AudioProcessing: name 'validate_media_file' is not defined
2026-01-08 01:29:29,072 - PracticalToolset.AudioProcessing - ERROR - Error in AudioProcessing: name 'validate_media_file' is not defined
2026-01-08 01:29:29,072 - PracticalToolset.AudioProcessing - ERROR - Error in AudioProcessing: name 'validate_media_file' is not defined
2026-01-08 01:29:29,072 - PracticalToolset.AudioProcessing - ERROR - Error in AudioProcessing: name 'validate_media_file' is not defined
2026-01-08 01:29:29,072 - PracticalToolset.AudioProcessing - ERROR - Error in AudioProcessing: name 'validate_media_file' is not defined
2026-01-08 01:29:29,072 - PracticalToolset.AudioProcessing - ERROR - Error in AudioProcessing: name 'validate_media_file' is not defined
2026-01-08 01:29:29,072 - PracticalToolset.AudioProcessing - ERROR - Error in AudioProcessing: name 'validate_media_file' is not defined
2026-01-08 01:29:29,072 - PracticalToolset.AudioProcessing - ERROR - Error in AudioProcessing: name 'validate_media_file' is not defined
2026-01-08 01:29:29,072 - PracticalToolset.AudioProcessing - ERROR - Error in AudioProcessing: name 'validate_media_file' is not defined
2026-01-08 01:29:29,072 - PracticalToolset.AudioProcessing - ERROR - Execution 8ba0b201-90e8-4eea-b875-a6ab77e97c1d failed after 0.00s
2026-01-08 01:29:29,072 - PracticalToolset.AudioProcessing - ERROR - Execution 8ba0b201-90e8-4eea-b875-a6ab77e97c1d failed after 0.00s
2026-01-08 01:29:29,072 - PracticalToolset.AudioProcessing - ERROR - Execution 8ba0b201-90e8-4eea-b875-a6ab77e97c1d failed after 0.00s
2026-01-08 01:29:29,072 - PracticalToolset.AudioProcessing - ERROR - Execution 8ba0b201-90e8-4eea-b875-a6ab77e97c1d failed after 0.00s
2026-01-08 01:29:29,072 - PracticalToolset.AudioProcessing - ERROR - Execution 8ba0b201-90e8-4eea-b875-a6ab77e97c1d failed after 0.00s
2026-01-08 01:29:29,072 - PracticalToolset.AudioProcessing - ERROR - Execution 8ba0b201-90e8-4eea-b875-a6ab77e97c1d failed after 0.00s
2026-01-08 01:29:29,072 - PracticalToolset.AudioProcessing - ERROR - Execution 8ba0b201-90e8-4eea-b875-a6ab77e97c1d failed after 0.00s
2026-01-08 01:29:29,072 - PracticalToolset.AudioProcessing - ERROR - Execution 8ba0b201-90e8-4eea-b875-a6ab77e97c1d failed after 0.00s
2026-01-08 01:29:29,072 - PracticalToolset.AudioProcessing - ERROR - Execution 8ba0b201-90e8-4eea-b875-a6ab77e97c1d failed after 0.00s
2026-01-08 01:29:29,072 - PracticalToolset.AudioProcessing - ERROR - Execution 8ba0b201-90e8-4eea-b875-a6ab77e97c1d failed after 0.00s
2026-01-08 01:29:29,072 - PracticalToolset.AudioProcessing - ERROR - Execution 8ba0b201-90e8-4eea-b875-a6ab77e97c1d failed after 0.00s
2026-01-08 01:29:29,072 - PracticalToolset.AudioProcessing - ERROR - Execution 8ba0b201-90e8-4eea-b875-a6ab77e97c1d failed after 0.00s
2026-01-08 01:29:29,072 - PracticalToolset.AudioProcessing - ERROR - Execution 8ba0b201-90e8-4eea-b875-a6ab77e97c1d failed after 0.00s
2026-01-08 01:31:34,124 - PracticalToolset.AudioProcessing - INFO - Starting execution 2723f930-f4ef-4139-8c86-0d5cd4dd474e
2026-01-08 01:31:34,124 - PracticalToolset.AudioProcessing - INFO - Starting execution 2723f930-f4ef-4139-8c86-0d5cd4dd474e
2026-01-08 01:31:34,134 - PracticalToolset.AudioProcessing - WARNING - Processing step noise_reduction failed: 'PracticalAudioProcessingTool' object has no attribute '_apply_de_essing_ffmpeg'
2026-01-08 01:31:34,134 - PracticalToolset.AudioProcessing - WARNING - Processing step noise_reduction failed: 'PracticalAudioProcessingTool' object has no attribute '_apply_de_essing_ffmpeg'
2026-01-08 01:31:34,134 - PracticalToolset.AudioProcessing - WARNING - Processing step de_essing failed: 'PracticalAudioProcessingTool' object has no attribute '_apply_de_essing_ffmpeg'
2026-01-08 01:31:34,134 - PracticalToolset.AudioProcessing - WARNING - Processing step de_essing failed: 'PracticalAudioProcessingTool' object has no attribute '_apply_de_essing_ffmpeg'
2026-01-08 01:31:34,134 - PracticalToolset.AudioProcessing - INFO - Execution 2723f930-f4ef-4139-8c86-0d5cd4dd474e completed successfully in 0.01s
2026-01-08 01:31:34,134 - PracticalToolset.AudioProcessing - INFO - Execution 2723f930-f4ef-4139-8c86-0d5cd4dd474e completed successfully in 0.01s
2026-01-08 01:31:34,156 - PracticalToolset.AudioProcessing - INFO - Starting execution a5a06c10-e5cc-477d-bb03-ef06a4ed2b3e
2026-01-08 01:31:34,156 - PracticalToolset.AudioProcessing - INFO - Starting execution a5a06c10-e5cc-477d-bb03-ef06a4ed2b3e
2026-01-08 01:31:34,156 - PracticalToolset.AudioProcessing - INFO - Starting execution a5a06c10-e5cc-477d-bb03-ef06a4ed2b3e
2026-01-08 01:31:34,156 - PracticalToolset.AudioProcessing - WARNING - Processing step noise_reduction failed: 'PracticalAudioProcessingTool' object has no attribute '_apply_de_essing_ffmpeg'
2026-01-08 01:31:34,156 - PracticalToolset.AudioProcessing - WARNING - Processing step noise_reduction failed: 'PracticalAudioProcessingTool' object has no attribute '_apply_de_essing_ffmpeg'
2026-01-08 01:31:34,156 - PracticalToolset.AudioProcessing - WARNING - Processing step noise_reduction failed: 'PracticalAudioProcessingTool' object has no attribute '_apply_de_essing_ffmpeg'
2026-01-08 01:31:34,156 - PracticalToolset.AudioProcessing - WARNING - Processing step de_essing failed: 'PracticalAudioProcessingTool' object has no attribute '_apply_de_essing_ffmpeg'
2026-01-08 01:31:34,156 - PracticalToolset.AudioProcessing - WARNING - Processing step de_essing failed: 'PracticalAudioProcessingTool' object has no attribute '_apply_de_essing_ffmpeg'
2026-01-08 01:31:34,156 - PracticalToolset.AudioProcessing - WARNING - Processing step de_essing failed: 'PracticalAudioProcessingTool' object has no attribute '_apply_de_essing_ffmpeg'
2026-01-08 01:31:34,156 - PracticalToolset.AudioProcessing - WARNING - Processing step equalization failed: 'PracticalAudioProcessingTool' object has no attribute '_apply_de_essing_ffmpeg'
2026-01-08 01:31:34,156 - PracticalToolset.AudioProcessing - WARNING - Processing step equalization failed: 'PracticalAudioProcessingTool' object has no attribute '_apply_de_essing_ffmpeg'
2026-01-08 01:31:34,156 - PracticalToolset.AudioProcessing - WARNING - Processing step equalization failed: 'PracticalAudioProcessingTool' object has no attribute '_apply_de_essing_ffmpeg'
2026-01-08 01:31:34,156 - PracticalToolset.AudioProcessing - INFO - Execution a5a06c10-e5cc-477d-bb03-ef06a4ed2b3e completed successfully in 0.00s
2026-01-08 01:31:34,156 - PracticalToolset.AudioProcessing - INFO - Execution a5a06c10-e5cc-477d-bb03-ef06a4ed2b3e completed successfully in 0.00s
2026-01-08 01:31:34,156 - PracticalToolset.AudioProcessing - INFO - Execution a5a06c10-e5cc-477d-bb03-ef06a4ed2b3e completed successfully in 0.00s
2026-01-08 01:31:34,358 - PracticalToolset.AudioProcessing - INFO - Starting execution 21a3cdbc-e0e2-438d-8fa6-30f4ecdb0767
2026-01-08 01:31:34,358 - PracticalToolset.AudioProcessing - INFO - Starting execution 21a3cdbc-e0e2-438d-8fa6-30f4ecdb0767
2026-01-08 01:31:34,358 - PracticalToolset.AudioProcessing - INFO - Starting execution 21a3cdbc-e0e2-438d-8fa6-30f4ecdb0767
2026-01-08 01:31:34,358 - PracticalToolset.AudioProcessing - INFO - Starting execution 21a3cdbc-e0e2-438d-8fa6-30f4ecdb0767
2026-01-08 01:31:34,358 - PracticalToolset.AudioProcessing - INFO - Starting execution 21a3cdbc-e0e2-438d-8fa6-30f4ecdb0767
2026-01-08 01:31:34,358 - PracticalToolset.AudioProcessing - INFO - Starting execution 21a3cdbc-e0e2-438d-8fa6-30f4ecdb0767
2026-01-08 01:31:34,358 - PracticalToolset.AudioProcessing - INFO - Starting execution 21a3cdbc-e0e2-438d-8fa6-30f4ecdb0767
2026-01-08 01:31:34,358 - PracticalToolset.AudioProcessing - INFO - Starting execution 21a3cdbc-e0e2-438d-8fa6-30f4ecdb0767
2026-01-08 01:31:34,358 - PracticalToolset.AudioProcessing - INFO - Starting execution 21a3cdbc-e0e2-438d-8fa6-30f4ecdb0767
2026-01-08 01:31:34,358 - PracticalToolset.AudioProcessing - INFO - Starting execution 21a3cdbc-e0e2-438d-8fa6-30f4ecdb0767
2026-01-08 01:31:34,358 - PracticalToolset.AudioProcessing - INFO - Starting execution 21a3cdbc-e0e2-438d-8fa6-30f4ecdb0767
2026-01-08 01:31:34,358 - PracticalToolset.AudioProcessing - INFO - Starting execution 21a3cdbc-e0e2-438d-8fa6-30f4ecdb0767
2026-01-08 01:31:34,358 - PracticalToolset.AudioProcessing - INFO - Starting execution 21a3cdbc-e0e2-438d-8fa6-30f4ecdb0767
2026-01-08 01:31:34,359 - PracticalToolset.AudioProcessing - WARNING - Processing step noise_reduction failed: 'PracticalAudioProcessingTool' object has no attribute '_apply_de_essing_ffmpeg'
2026-01-08 01:31:34,359 - PracticalToolset.AudioProcessing - WARNING - Processing step noise_reduction failed: 'PracticalAudioProcessingTool' object has no attribute '_apply_de_essing_ffmpeg'
2026-01-08 01:31:34,359 - PracticalToolset.AudioProcessing - WARNING - Processing step noise_reduction failed: 'PracticalAudioProcessingTool' object has no attribute '_apply_de_essing_ffmpeg'
2026-01-08 01:31:34,359 - PracticalToolset.AudioProcessing - WARNING - Processing step noise_reduction failed: 'PracticalAudioProcessingTool' object has no attribute '_apply_de_essing_ffmpeg'
2026-01-08 01:31:34,359 - PracticalToolset.AudioProcessing - WARNING - Processing step noise_reduction failed: 'PracticalAudioProcessingTool' object has no attribute '_apply_de_essing_ffmpeg'
2026-01-08 01:31:34,359 - PracticalToolset.AudioProcessing - WARNING - Processing step noise_reduction failed: 'PracticalAudioProcessingTool' object has no attribute '_apply_de_essing_ffmpeg'
2026-01-08 01:31:34,359 - PracticalToolset.AudioProcessing - WARNING - Processing step noise_reduction failed: 'PracticalAudioProcessingTool' object has no attribute '_apply_de_essing_ffmpeg'
2026-01-08 01:31:34,359 - PracticalToolset.AudioProcessing - WARNING - Processing step noise_reduction failed: 'PracticalAudioProcessingTool' object has no attribute '_apply_de_essing_ffmpeg'
2026-01-08 01:31:34,359 - PracticalToolset.AudioProcessing - WARNING - Processing step noise_reduction failed: 'PracticalAudioProcessingTool' object has no attribute '_apply_de_essing_ffmpeg'
2026-01-08 01:31:34,359 - PracticalToolset.AudioProcessing - WARNING - Processing step noise_reduction failed: 'PracticalAudioProcessingTool' object has no attribute '_apply_de_essing_ffmpeg'
2026-01-08 01:31:34,359 - PracticalToolset.AudioProcessing - WARNING - Processing step noise_reduction failed: 'PracticalAudioProcessingTool' object has no attribute '_apply_de_essing_ffmpeg'
2026-01-08 01:31:34,359 - PracticalToolset.AudioProcessing - WARNING - Processing step noise_reduction failed: 'PracticalAudioProcessingTool' object has no attribute '_apply_de_essing_ffmpeg'
2026-01-08 01:31:34,359 - PracticalToolset.AudioProcessing - WARNING - Processing step noise_reduction failed: 'PracticalAudioProcessingTool' object has no attribute '_apply_de_essing_ffmpeg'
2026-01-08 01:31:34,359 - PracticalToolset.AudioProcessing - INFO - Execution 21a3cdbc-e0e2-438d-8fa6-30f4ecdb0767 completed successfully in 0.00s
2026-01-08 01:31:34,359 - PracticalToolset.AudioProcessing - INFO - Execution 21a3cdbc-e0e2-438d-8fa6-30f4ecdb0767 completed successfully in 0.00s
2026-01-08 01:31:34,359 - PracticalToolset.AudioProcessing - INFO - Execution 21a3cdbc-e0e2-438d-8fa6-30f4ecdb0767 completed successfully in 0.00s
2026-01-08 01:31:34,359 - PracticalToolset.AudioProcessing - INFO - Execution 21a3cdbc-e0e2-438d-8fa6-30f4ecdb0767 completed successfully in 0.00s
2026-01-08 01:31:34,359 - PracticalToolset.AudioProcessing - INFO - Execution 21a3cdbc-e0e2-438d-8fa6-30f4ecdb0767 completed successfully in 0.00s
2026-01-08 01:31:34,359 - PracticalToolset.AudioProcessing - INFO - Execution 21a3cdbc-e0e2-438d-8fa6-30f4ecdb0767 completed successfully in 0.00s
2026-01-08 01:31:34,359 - PracticalToolset.AudioProcessing - INFO - Execution 21a3cdbc-e0e2-438d-8fa6-30f4ecdb0767 completed successfully in 0.00s
2026-01-08 01:31:34,359 - PracticalToolset.AudioProcessing - INFO - Execution 21a3cdbc-e0e2-438d-8fa6-30f4ecdb0767 completed successfully in 0.00s
2026-01-08 01:31:34,359 - PracticalToolset.AudioProcessing - INFO - Execution 21a3cdbc-e0e2-438d-8fa6-30f4ecdb0767 completed successfully in 0.00s
2026-01-08 01:31:34,359 - PracticalToolset.AudioProcessing - INFO - Execution 21a3cdbc-e0e2-438d-8fa6-30f4ecdb0767 completed successfully in 0.00s
2026-01-08 01:31:34,359 - PracticalToolset.AudioProcessing - INFO - Execution 21a3cdbc-e0e2-438d-8fa6-30f4ecdb0767 completed successfully in 0.00s
2026-01-08 01:31:34,359 - PracticalToolset.AudioProcessing - INFO - Execution 21a3cdbc-e0e2-438d-8fa6-30f4ecdb0767 completed successfully in 0.00s
2026-01-08 01:31:34,359 - PracticalToolset.AudioProcessing - INFO - Execution 21a3cdbc-e0e2-438d-8fa6-30f4ecdb0767 completed successfully in 0.00s
2026-01-08 01:31:34,403 - PracticalToolset.AudioProcessing - INFO - Starting execution d02da0a2-d7ba-46ea-9ab1-024332d24ced
2026-01-08 01:31:34,403 - PracticalToolset.AudioProcessing - INFO - Starting execution d02da0a2-d7ba-46ea-9ab1-024332d24ced
2026-01-08 01:31:34,403 - PracticalToolset.AudioProcessing - INFO - Starting execution d02da0a2-d7ba-46ea-9ab1-024332d24ced
2026-01-08 01:31:34,403 - PracticalToolset.AudioProcessing - INFO - Starting execution d02da0a2-d7ba-46ea-9ab1-024332d24ced
2026-01-08 01:31:34,403 - PracticalToolset.AudioProcessing - INFO - Starting execution d02da0a2-d7ba-46ea-9ab1-024332d24ced
2026-01-08 01:31:34,403 - PracticalToolset.AudioProcessing - INFO - Starting execution d02da0a2-d7ba-46ea-9ab1-024332d24ced
2026-01-08 01:31:34,403 - PracticalToolset.AudioProcessing - INFO - Starting execution d02da0a2-d7ba-46ea-9ab1-024332d24ced
2026-01-08 01:31:34,403 - PracticalToolset.AudioProcessing - INFO - Starting execution d02da0a2-d7ba-46ea-9ab1-024332d24ced
2026-01-08 01:31:34,403 - PracticalToolset.AudioProcessing - INFO - Starting execution d02da0a2-d7ba-46ea-9ab1-024332d24ced
2026-01-08 01:31:34,403 - PracticalToolset.AudioProcessing - INFO - Starting execution d02da0a2-d7ba-46ea-9ab1-024332d24ced
2026-01-08 01:31:34,403 - PracticalToolset.AudioProcessing - INFO - Starting execution d02da0a2-d7ba-46ea-9ab1-024332d24ced
2026-01-08 01:31:34,403 - PracticalToolset.AudioProcessing - INFO - Starting execution d02da0a2-d7ba-46ea-9ab1-024332d24ced
2026-01-08 01:31:34,403 - PracticalToolset.AudioProcessing - INFO - Starting execution d02da0a2-d7ba-46ea-9ab1-024332d24ced
2026-01-08 01:31:34,403 - PracticalToolset.AudioProcessing - INFO - Starting execution d02da0a2-d7ba-46ea-9ab1-024332d24ced
2026-01-08 01:31:34,403 - PracticalToolset.AudioProcessing - INFO - Starting execution d02da0a2-d7ba-46ea-9ab1-024332d24ced
2026-01-08 01:31:34,403 - PracticalToolset.AudioProcessing - INFO - Starting execution d02da0a2-d7ba-46ea-9ab1-024332d24ced
2026-01-08 01:31:34,403 - PracticalToolset.AudioProcessing - INFO - Starting execution d02da0a2-d7ba-46ea-9ab1-024332d24ced
2026-01-08 01:31:34,403 - PracticalToolset.AudioProcessing - INFO - Starting execution d02da0a2-d7ba-46ea-9ab1-024332d24ced
2026-01-08 01:31:34,403 - PracticalToolset.AudioProcessing - INFO - Starting execution d02da0a2-d7ba-46ea-9ab1-024332d24ced
2026-01-08 01:31:34,403 - PracticalToolset.AudioProcessing - WARNING - Processing step noise_reduction failed: 'PracticalAudioProcessingTool' object has no attribute '_apply_de_essing_ffmpeg'
2026-01-08 01:31:34,403 - PracticalToolset.AudioProcessing - WARNING - Processing step noise_reduction failed: 'PracticalAudioProcessingTool' object has no attribute '_apply_de_essing_ffmpeg'
2026-01-08 01:31:34,403 - PracticalToolset.AudioProcessing - WARNING - Processing step noise_reduction failed: 'PracticalAudioProcessingTool' object has no attribute '_apply_de_essing_ffmpeg'
2026-01-08 01:31:34,403 - PracticalToolset.AudioProcessing - WARNING - Processing step noise_reduction failed: 'PracticalAudioProcessingTool' object has no attribute '_apply_de_essing_ffmpeg'
2026-01-08 01:31:34,403 - PracticalToolset.AudioProcessing - WARNING - Processing step noise_reduction failed: 'PracticalAudioProcessingTool' object has no attribute '_apply_de_essing_ffmpeg'
2026-01-08 01:31:34,403 - PracticalToolset.AudioProcessing - WARNING - Processing step noise_reduction failed: 'PracticalAudioProcessingTool' object has no attribute '_apply_de_essing_ffmpeg'
2026-01-08 01:31:34,403 - PracticalToolset.AudioProcessing - WARNING - Processing step noise_reduction failed: 'PracticalAudioProcessingTool' object has no attribute '_apply_de_essing_ffmpeg'
2026-01-08 01:31:34,403 - PracticalToolset.AudioProcessing - WARNING - Processing step noise_reduction failed: 'PracticalAudioProcessingTool' object has no attribute '_apply_de_essing_ffmpeg'
2026-01-08 01:31:34,403 - PracticalToolset.AudioProcessing - WARNING - Processing step noise_reduction failed: 'PracticalAudioProcessingTool' object has no attribute '_apply_de_essing_ffmpeg'
2026-01-08 01:31:34,403 - PracticalToolset.AudioProcessing - WARNING - Processing step noise_reduction failed: 'PracticalAudioProcessingTool' object has no attribute '_apply_de_essing_ffmpeg'
2026-01-08 01:31:34,403 - PracticalToolset.AudioProcessing - WARNING - Processing step noise_reduction failed: 'PracticalAudioProcessingTool' object has no attribute '_apply_de_essing_ffmpeg'
2026-01-08 01:31:34,403 - PracticalToolset.AudioProcessing - WARNING - Processing step noise_reduction failed: 'PracticalAudioProcessingTool' object has no attribute '_apply_de_essing_ffmpeg'
2026-01-08 01:31:34,403 - PracticalToolset.AudioProcessing - WARNING - Processing step noise_reduction failed: 'PracticalAudioProcessingTool' object has no attribute '_apply_de_essing_ffmpeg'
2026-01-08 01:31:34,403 - PracticalToolset.AudioProcessing - WARNING - Processing step noise_reduction failed: 'PracticalAudioProcessingTool' object has no attribute '_apply_de_essing_ffmpeg'
2026-01-08 01:31:34,403 - PracticalToolset.AudioProcessing - WARNING - Processing step noise_reduction failed: 'PracticalAudioProcessingTool' object has no attribute '_apply_de_essing_ffmpeg'
2026-01-08 01:31:34,403 - PracticalToolset.AudioProcessing - WARNING - Processing step noise_reduction failed: 'PracticalAudioProcessingTool' object has no attribute '_apply_de_essing_ffmpeg'
2026-01-08 01:31:34,403 - PracticalToolset.AudioProcessing - WARNING - Processing step noise_reduction failed: 'PracticalAudioProcessingTool' object has no attribute '_apply_de_essing_ffmpeg'
2026-01-08 01:31:34,403 - PracticalToolset.AudioProcessing - WARNING - Processing step noise_reduction failed: 'PracticalAudioProcessingTool' object has no attribute '_apply_de_essing_ffmpeg'
2026-01-08 01:31:34,403 - PracticalToolset.AudioProcessing - WARNING - Processing step noise_reduction failed: 'PracticalAudioProcessingTool' object has no attribute '_apply_de_essing_ffmpeg'
2026-01-08 01:31:34,404 - PracticalToolset.AudioProcessing - INFO - Execution d02da0a2-d7ba-46ea-9ab1-024332d24ced completed successfully in 0.00s
2026-01-08 01:31:34,404 - PracticalToolset.AudioProcessing - INFO - Execution d02da0a2-d7ba-46ea-9ab1-024332d24ced completed successfully in 0.00s
2026-01-08 01:31:34,404 - PracticalToolset.AudioProcessing - INFO - Execution d02da0a2-d7ba-46ea-9ab1-024332d24ced completed successfully in 0.00s
2026-01-08 01:31:34,404 - PracticalToolset.AudioProcessing - INFO - Execution d02da0a2-d7ba-46ea-9ab1-024332d24ced completed successfully in 0.00s
2026-01-08 01:31:34,404 - PracticalToolset.AudioProcessing - INFO - Execution d02da0a2-d7ba-46ea-9ab1-024332d24ced completed successfully in 0.00s
2026-01-08 01:31:34,404 - PracticalToolset.AudioProcessing - INFO - Execution d02da0a2-d7ba-46ea-9ab1-024332d24ced completed successfully in 0.00s
2026-01-08 01:31:34,404 - PracticalToolset.AudioProcessing - INFO - Execution d02da0a2-d7ba-46ea-9ab1-024332d24ced completed successfully in 0.00s
2026-01-08 01:31:34,404 - PracticalToolset.AudioProcessing - INFO - Execution d02da0a2-d7ba-46ea-9ab1-024332d24ced completed successfully in 0.00s
2026-01-08 01:31:34,404 - PracticalToolset.AudioProcessing - INFO - Execution d02da0a2-d7ba-46ea-9ab1-024332d24ced completed successfully in 0.00s
2026-01-08 01:31:34,404 - PracticalToolset.AudioProcessing - INFO - Execution d02da0a2-d7ba-46ea-9ab1-024332d24ced completed successfully in 0.00s
2026-01-08 01:31:34,404 - PracticalToolset.AudioProcessing - INFO - Execution d02da0a2-d7ba-46ea-9ab1-024332d24ced completed successfully in 0.00s
2026-01-08 01:31:34,404 - PracticalToolset.AudioProcessing - INFO - Execution d02da0a2-d7ba-46ea-9ab1-024332d24ced completed successfully in 0.00s
2026-01-08 01:31:34,404 - PracticalToolset.AudioProcessing - INFO - Execution d02da0a2-d7ba-46ea-9ab1-024332d24ced completed successfully in 0.00s
2026-01-08 01:31:34,404 - PracticalToolset.AudioProcessing - INFO - Execution d02da0a2-d7ba-46ea-9ab1-024332d24ced completed successfully in 0.00s
2026-01-08 01:31:34,404 - PracticalToolset.AudioProcessing - INFO - Execution d02da0a2-d7ba-46ea-9ab1-024332d24ced completed successfully in 0.00s
2026-01-08 01:31:34,404 - PracticalToolset.AudioProcessing - INFO - Execution d02da0a2-d7ba-46ea-9ab1-024332d24ced completed successfully in 0.00s
2026-01-08 01:31:34,404 - PracticalToolset.AudioProcessing - INFO - Execution d02da0a2-d7ba-46ea-9ab1-024332d24ced completed successfully in 0.00s
2026-01-08 01:31:34,404 - PracticalToolset.AudioProcessing - INFO - Execution d02da0a2-d7ba-46ea-9ab1-024332d24ced completed successfully in 0.00s
2026-01-08 01:31:34,404 - PracticalToolset.AudioProcessing - INFO - Execution d02da0a2-d7ba-46ea-9ab1-024332d24ced completed successfully in 0.00s
