2026-01-08 13:18:23,300 - __main__ - INFO - 🚀 Starting Production Democratic AI Agent Swarm
2026-01-08 13:18:23,301 - swarm_observability - WARNING - OpenTelemetry not available - install with: pip install opentelemetry-sdk opentelemetry-exporter-jaeger opentelemetry-exporter-prometheus
2026-01-08 13:18:23,301 - swarm_observability - WARNING - LangSmith not available - install with: pip install langsmith
2026-01-08 13:18:23,301 - swarm_observability - WARNING - LangFuse not available - install with: pip install langfuse
2026-01-08 13:18:23,301 - swarm_observability - WARNING - Unsupported queue type rabbitmq, falling back to memory
2026-01-08 13:18:23,301 - swarm_observability - INFO - Using in-memory message queue
2026-01-08 13:18:23,302 - __main__ - INFO - Initializing DemocraticAISwarm v1.0.0
2026-01-08 13:18:23,302 - base_agent.video_editor - INFO - Initialized agent 'Podcast Video Editor' with 4 tools
2026-01-08 13:18:23,302 - swarm_communication - INFO - Registered agent: video_editor
2026-01-08 13:18:23,459 - swarm_monitoring - ERROR - Failed to log message: UNIQUE constraint failed: conversations.message_id
2026-01-08 13:18:23,459 - swarm_communication - DEBUG - Agent video_editor subscribed to channel system
2026-01-08 13:18:23,459 - swarm_communication - DEBUG - Agent video_editor subscribed to channel voting
2026-01-08 13:18:23,459 - swarm_communication - DEBUG - Agent video_editor subscribed to channel video production specialist focused on podcast content optimization
2026-01-08 13:18:23,459 - swarm_observability - INFO - Agent video_editor registered with full observability
2026-01-08 13:18:23,459 - __main__ - INFO - ✓ Loaded agent: Podcast Video Editor
2026-01-08 13:18:23,461 - base_agent.audio_engineer - INFO - Initialized agent 'Audio Engineer' with 4 tools
2026-01-08 13:18:23,461 - swarm_communication - INFO - Registered agent: audio_engineer
2026-01-08 13:18:23,720 - swarm_monitoring - ERROR - Failed to log message: UNIQUE constraint failed: conversations.message_id
2026-01-08 13:18:23,720 - swarm_communication - DEBUG - Agent audio_engineer subscribed to channel system
2026-01-08 13:18:23,720 - swarm_communication - DEBUG - Agent audio_engineer subscribed to channel voting
2026-01-08 13:18:23,721 - swarm_communication - DEBUG - Agent audio_engineer subscribed to channel audio production and enhancement specialist
2026-01-08 13:18:23,721 - swarm_observability - INFO - Agent audio_engineer registered with full observability
2026-01-08 13:18:23,721 - __main__ - INFO - ✓ Loaded agent: Audio Engineer
2026-01-08 13:18:23,721 - swarm_monitoring - INFO - Swarm monitoring started
2026-01-08 13:18:23,722 - __main__ - INFO - ✓ Monitoring system started
2026-01-08 13:18:23,722 - __main__ - INFO - ✓ Swarm initialized with 2 agents
2026-01-08 13:18:23,722 - __main__ - INFO - ✅ Swarm initialization successful
2026-01-08 13:18:23,722 - __main__ - INFO - 🚀 Starting swarm operations...
2026-01-08 13:18:23,723 - base_agent.video_editor - INFO - Received message from a2a_protocol_handler: {'agent_info': {'id': 'video_editor', 'name': 'Podcast Video Editor', 'role': 'Video production specialist focused on podcast content optimization', 'capabilities': {'messaging': True, 'voting': True, 'task_coordination': True, 'knowledge_sharing': True, 'telemetry': True}, 'supported_protocols': ['A2A/1.0', 'A2A/1.1'], 'registered_at': '2026-01-08T18:18:23.302973Z', 'status': 'active'}, 'protocol_requirements': {'heartbeat_interval': 30, 'status_update_interval': 60, 'message_ack_timeout': 10}, '_a2a_metadata': {'protocol_version': 'A2A/1.0', 'conversation_id': None, 'in_reply_to': None}}
2026-01-08 13:18:23,723 - base_agent.audio_engineer - INFO - Received message from a2a_protocol_handler: {'agent_info': {'id': 'audio_engineer', 'name': 'Audio Engineer', 'role': 'Audio production and enhancement specialist', 'capabilities': {'messaging': True, 'voting': True, 'task_coordination': True, 'knowledge_sharing': True, 'telemetry': True}, 'supported_protocols': ['A2A/1.0', 'A2A/1.1'], 'registered_at': '2026-01-08T18:18:23.461365Z', 'status': 'active'}, 'protocol_requirements': {'heartbeat_interval': 30, 'status_update_interval': 60, 'message_ack_timeout': 10}, '_a2a_metadata': {'protocol_version': 'A2A/1.0', 'conversation_id': None, 'in_reply_to': None}}
2026-01-08 13:18:23,723 - __main__ - ERROR - No healthy agents remaining
2026-01-08 13:18:23,723 - __main__ - INFO - Termination conditions met, stopping operations
2026-01-08 13:18:23,724 - __main__ - INFO - Initiating swarm shutdown...
2026-01-08 13:18:28,724 - swarm_monitoring - INFO - Swarm monitoring stopped
2026-01-08 13:18:29,723 - __main__ - INFO - Final report saved to logs/swarm_report_1767896309.json
2026-01-08 13:18:29,723 - __main__ - INFO - Swarm Statistics: {
  "swarm_name": "DemocraticAISwarm",
  "version": "1.0.0",
  "runtime_seconds": 6.4210474491119385,
  "agents_loaded": 2,
  "tasks_completed": 0,
  "messages_processed": 2,
  "alerts_raised": 0,
  "final_status": "shutdown_complete"
}
2026-01-08 13:18:29,724 - __main__ - INFO - Swarm shutdown complete
